<?xml version="1.0" encoding="UTF-8"?>
<testsuite xmlns:xsi="http://www.w3.org/2001/XMLSchema-instance" xsi:noNamespaceSchemaLocation="https://maven.apache.org/surefire/maven-surefire-plugin/xsd/surefire-test-report.xsd" name="com.rwth.analysisweb.AnalysisTests" time="0.01" tests="1" errors="1" skipped="0" failures="0">
  <properties>
[...]
</properties>
  <testcase name="test" classname="com.rwth.analysisweb.AnalysisTests" time="0">
    <error type="java.lang.NullPointerException">java.lang.NullPointerException
	at com.rwth.analysisweb.AnalysisTests.test(AnalysisTests.java:34)
</error>
    <system-out><![CDATA[2021-06-17 20:29:19.025  INFO 45106 --- [           main] .b.t.c.SpringBootTestContextBootstrapper : Neither @ContextConfiguration nor @ContextHierarchy found for test class [com.rwth.analysisweb.AnalysisTests], using SpringBootContextLoader
2021-06-17 20:29:19.026  INFO 45106 --- [           main] o.s.t.c.support.AbstractContextLoader    : Could not detect default resource locations for test class [com.rwth.analysisweb.AnalysisTests]: no resource found for suffixes {-context.xml, Context.groovy}.
2021-06-17 20:29:19.026  INFO 45106 --- [           main] t.c.s.AnnotationConfigContextLoaderUtils : Could not detect default configuration classes for test class [com.rwth.analysisweb.AnalysisTests]: AnalysisTests does not declare any static, non-private, non-final, nested classes annotated with @Configuration.
2021-06-17 20:29:19.027  INFO 45106 --- [           main] .b.t.c.SpringBootTestContextBootstrapper : Found @SpringBootConfiguration com.rwth.analysisweb.AnalysiswebApplication for test class com.rwth.analysisweb.AnalysisTests
2021-06-17 20:29:19.030  INFO 45106 --- [           main] .b.t.c.SpringBootTestContextBootstrapper : Loaded default TestExecutionListener class names from location [META-INF/spring.factories]: [org.springframework.boot.test.mock.mockito.MockitoTestExecutionListener, org.springframework.boot.test.mock.mockito.ResetMocksTestExecutionListener, org.springframework.boot.test.autoconfigure.restdocs.RestDocsTestExecutionListener, org.springframework.boot.test.autoconfigure.web.client.MockRestServiceServerResetTestExecutionListener, org.springframework.boot.test.autoconfigure.web.servlet.MockMvcPrintOnlyOnFailureTestExecutionListener, org.springframework.boot.test.autoconfigure.web.servlet.WebDriverTestExecutionListener, org.springframework.boot.test.autoconfigure.webservices.client.MockWebServiceServerTestExecutionListener, org.springframework.test.context.web.ServletTestExecutionListener, org.springframework.test.context.support.DirtiesContextBeforeModesTestExecutionListener, org.springframework.test.context.event.ApplicationEventsTestExecutionListener, org.springframework.test.context.support.DependencyInjectionTestExecutionListener, org.springframework.test.context.support.DirtiesContextTestExecutionListener, org.springframework.test.context.transaction.TransactionalTestExecutionListener, org.springframework.test.context.jdbc.SqlScriptsTestExecutionListener, org.springframework.test.context.event.EventPublishingTestExecutionListener]
2021-06-17 20:29:19.030  INFO 45106 --- [           main] .b.t.c.SpringBootTestContextBootstrapper : Using TestExecutionListeners: [org.springframework.test.context.web.ServletTestExecutionListener@5464b97c, org.springframework.test.context.support.DirtiesContextBeforeModesTestExecutionListener@3355168, org.springframework.test.context.event.ApplicationEventsTestExecutionListener@2f07930a, org.springframework.boot.test.mock.mockito.MockitoTestExecutionListener@580c17a0, org.springframework.boot.test.autoconfigure.SpringBootDependencyInjectionTestExecutionListener@29d2fa84, org.springframework.test.context.support.DirtiesContextTestExecutionListener@4540c7, org.springframework.test.context.transaction.TransactionalTestExecutionListener@13c90c06, org.springframework.test.context.jdbc.SqlScriptsTestExecutionListener@2bc0b8c8, org.springframework.test.context.event.EventPublishingTestExecutionListener@15f861ee, org.springframework.boot.test.mock.mockito.ResetMocksTestExecutionListener@3f1158ee, org.springframework.boot.test.autoconfigure.restdocs.RestDocsTestExecutionListener@6463da36, org.springframework.boot.test.autoconfigure.web.client.MockRestServiceServerResetTestExecutionListener@4a4b288a, org.springframework.boot.test.autoconfigure.web.servlet.MockMvcPrintOnlyOnFailureTestExecutionListener@1c6ac73c, org.springframework.boot.test.autoconfigure.web.servlet.WebDriverTestExecutionListener@29892a77, org.springframework.boot.test.autoconfigure.webservices.client.MockWebServiceServerTestExecutionListener@5341e71a]
]]></system-out>
  </testcase>
</testsuite>